<?xml version="1.0" encoding="UTF-8"?>
<testsuite xmlns:xsi="http://www.w3.org/2001/XMLSchema-instance" xsi:noNamespaceSchemaLocation="https://maven.apache.org/surefire/maven-surefire-plugin/xsd/surefire-test-report.xsd" name="com.example.DemoApplicationTests" time="2.894" tests="5" errors="0" skipped="0" failures="0">
  <properties>
[...]
</properties>
  <testcase name="testGetAllCarToCustomerPath" classname="com.example.DemoApplicationTests" time="0.447"/>
  <testcase name="testGetMaps" classname="com.example.DemoApplicationTests" time="0.014"/>
  <testcase name="testGetShortestPath" classname="com.example.DemoApplicationTests" time="0.015"/>
  <testcase name="testGetMapData" classname="com.example.DemoApplicationTests" time="0.018"/>
  <testcase name="testGetMatrix" classname="com.example.DemoApplicationTests" time="0.012"/>
</testsuite>